26/01/2025 11:38:22 AM-root-DEBUG-This is  a debug message
26/01/2025 11:38:22 AM-root-INFO-This is info message
26/01/2025 11:38:22 AM-root-WARNING-This is a warning
26/01/2025 11:38:22 AM-root-ERROR-This is a error message
26/01/2025 11:38:22 AM-root-CRITICAL-This is a critical message
26/01/2025 11:39:11 AM-root-DEBUG-This is  a debug message
26/01/2025 11:39:11 AM-root-INFO-This is info message
26/01/2025 11:39:11 AM-root-WARNING-This is a warning
26/01/2025 11:39:11 AM-root-ERROR-This is a error message
26/01/2025 11:39:11 AM-root-CRITICAL-This is a critical message
26/01/2025 11:44:07 AM-root-DEBUG-This is  a debug message
26/01/2025 11:44:07 AM-root-INFO-This is info message
26/01/2025 11:44:07 AM-root-WARNING-This is a warning
26/01/2025 11:44:07 AM-root-ERROR-This is a error message
26/01/2025 11:44:07 AM-root-CRITICAL-This is a critical message
26/01/2025 11:44:07 AM-root-DEBUG-the function is called 
26/01/2025 11:44:07 AM-root-DEBUG-the addition is
26/01/2025 11:45:06 AM-root-DEBUG-This is  a debug message
26/01/2025 11:45:06 AM-root-INFO-This is info message
26/01/2025 11:45:06 AM-root-WARNING-This is a warning
26/01/2025 11:45:06 AM-root-ERROR-This is a error message
26/01/2025 11:45:06 AM-root-CRITICAL-This is a critical message
26/01/2025 11:45:06 AM-root-DEBUG-the function is called 
26/01/2025 11:45:06 AM-root-DEBUG-the addition is being done
26/01/2025 11:45:54 AM-root-DEBUG-This is  a debug message
26/01/2025 11:45:54 AM-root-INFO-This is info message
26/01/2025 11:45:54 AM-root-WARNING-This is a warning
26/01/2025 11:45:54 AM-root-ERROR-This is a error message
26/01/2025 11:45:54 AM-root-CRITICAL-This is a critical message
26/01/2025 11:45:54 AM-root-DEBUG-the function is called 
26/01/2025 11:45:54 AM-root-DEBUG-The addition is being done
26/01/2025 11:46:25 AM-root-DEBUG-This is  a debug message
26/01/2025 11:46:25 AM-root-INFO-This is info message
26/01/2025 11:46:25 AM-root-WARNING-This is a warning
26/01/2025 11:46:25 AM-root-ERROR-This is a error message
26/01/2025 11:46:25 AM-root-CRITICAL-This is a critical message
26/01/2025 11:46:25 AM-root-DEBUG-the function is called 
26/01/2025 11:46:25 AM-root-DEBUG-The addition is being done
